<?xml version="1.0" encoding="UTF-8"?>
<testsuite xmlns:xsi="http://www.w3.org/2001/XMLSchema-instance" xsi:noNamespaceSchemaLocation="https://maven.apache.org/surefire/maven-surefire-plugin/xsd/surefire-test-report.xsd" name="com.ramesh.test.AppTest" time="0.079" tests="1" errors="0" skipped="0" failures="0">
  <properties>
    <property name="sun.desktop" value="windows"/>
    <property name="awt.toolkit" value="sun.awt.windows.WToolkit"/>
    <property name="file.encoding.pkg" value="sun.io"/>
    <property name="java.specification.version" value="1.8"/>
    <property name="sun.cpu.isalist" value="amd64"/>
    <property name="sun.jnu.encoding" value="Cp1252"/>
    <property name="java.class.path" value="C:\Users\TCS.rnarayanasa\GitRepo\tokenvalidator\target\test-classes;C:\Users\TCS.rnarayanasa\GitRepo\tokenvalidator\target\classes;C:\Users\TCS.rnarayanasa\.m2\repository\junit\junit\4.11\junit-4.11.jar;C:\Users\TCS.rnarayanasa\.m2\repository\org\hamcrest\hamcrest-core\1.3\hamcrest-core-1.3.jar;C:\Users\TCS.rnarayanasa\.m2\repository\io\jsonwebtoken\jjwt-api\0.10.5\jjwt-api-0.10.5.jar;C:\Users\TCS.rnarayanasa\.m2\repository\io\jsonwebtoken\jjwt-impl\0.10.5\jjwt-impl-0.10.5.jar;C:\Users\TCS.rnarayanasa\.m2\repository\io\jsonwebtoken\jjwt-jackson\0.10.5\jjwt-jackson-0.10.5.jar;C:\Users\TCS.rnarayanasa\.m2\repository\com\fasterxml\jackson\core\jackson-databind\2.9.6\jackson-databind-2.9.6.jar;C:\Users\TCS.rnarayanasa\.m2\repository\com\fasterxml\jackson\core\jackson-annotations\2.9.0\jackson-annotations-2.9.0.jar;C:\Users\TCS.rnarayanasa\.m2\repository\com\fasterxml\jackson\core\jackson-core\2.9.6\jackson-core-2.9.6.jar;"/>
    <property name="java.vm.vendor" value="Oracle Corporation"/>
    <property name="sun.arch.data.model" value="64"/>
    <property name="user.variant" value=""/>
    <property name="java.vendor.url" value="http://java.oracle.com/"/>
    <property name="user.timezone" value=""/>
    <property name="java.vm.specification.version" value="1.8"/>
    <property name="os.name" value="Windows 7"/>
    <property name="user.country" value="ES"/>
    <property name="sun.java.launcher" value="SUN_STANDARD"/>
    <property name="sun.boot.library.path" value="C:\Users\TCS.rnarayanasa\Applns\jdk1.8.0_121\jre\bin"/>
    <property name="sun.java.command" value="C:\Users\TCS~1.RNA\AppData\Local\Temp\surefire5982821314958469792\surefirebooter2891628108047383879.jar C:\Users\TCS.rnarayanasa\AppData\Local\Temp\surefire5982821314958469792 2018-10-09T16-54-18_417-jvmRun1 surefire8782184335253986369tmp surefire_04958038910650197131tmp"/>
    <property name="surefire.test.class.path" value="C:\Users\TCS.rnarayanasa\GitRepo\tokenvalidator\target\test-classes;C:\Users\TCS.rnarayanasa\GitRepo\tokenvalidator\target\classes;C:\Users\TCS.rnarayanasa\.m2\repository\junit\junit\4.11\junit-4.11.jar;C:\Users\TCS.rnarayanasa\.m2\repository\org\hamcrest\hamcrest-core\1.3\hamcrest-core-1.3.jar;C:\Users\TCS.rnarayanasa\.m2\repository\io\jsonwebtoken\jjwt-api\0.10.5\jjwt-api-0.10.5.jar;C:\Users\TCS.rnarayanasa\.m2\repository\io\jsonwebtoken\jjwt-impl\0.10.5\jjwt-impl-0.10.5.jar;C:\Users\TCS.rnarayanasa\.m2\repository\io\jsonwebtoken\jjwt-jackson\0.10.5\jjwt-jackson-0.10.5.jar;C:\Users\TCS.rnarayanasa\.m2\repository\com\fasterxml\jackson\core\jackson-databind\2.9.6\jackson-databind-2.9.6.jar;C:\Users\TCS.rnarayanasa\.m2\repository\com\fasterxml\jackson\core\jackson-annotations\2.9.0\jackson-annotations-2.9.0.jar;C:\Users\TCS.rnarayanasa\.m2\repository\com\fasterxml\jackson\core\jackson-core\2.9.6\jackson-core-2.9.6.jar;"/>
    <property name="sun.cpu.endian" value="little"/>
    <property name="user.home" value="C:\Users\TCS.rnarayanasa"/>
    <property name="user.language" value="es"/>
    <property name="java.specification.vendor" value="Oracle Corporation"/>
    <property name="java.home" value="C:\Users\TCS.rnarayanasa\Applns\jdk1.8.0_121\jre"/>
    <property name="basedir" value="C:\Users\TCS.rnarayanasa\GitRepo\tokenvalidator"/>
    <property name="file.separator" value="\"/>
    <property name="line.separator" value="&#10;"/>
    <property name="java.vm.specification.vendor" value="Oracle Corporation"/>
    <property name="java.specification.name" value="Java Platform API Specification"/>
    <property name="java.awt.graphicsenv" value="sun.awt.Win32GraphicsEnvironment"/>
    <property name="surefire.real.class.path" value="C:\Users\TCS~1.RNA\AppData\Local\Temp\surefire5982821314958469792\surefirebooter2891628108047383879.jar"/>
    <property name="sun.boot.class.path" value="C:\Users\TCS.rnarayanasa\Applns\jdk1.8.0_121\jre\lib\resources.jar;C:\Users\TCS.rnarayanasa\Applns\jdk1.8.0_121\jre\lib\rt.jar;C:\Users\TCS.rnarayanasa\Applns\jdk1.8.0_121\jre\lib\sunrsasign.jar;C:\Users\TCS.rnarayanasa\Applns\jdk1.8.0_121\jre\lib\jsse.jar;C:\Users\TCS.rnarayanasa\Applns\jdk1.8.0_121\jre\lib\jce.jar;C:\Users\TCS.rnarayanasa\Applns\jdk1.8.0_121\jre\lib\charsets.jar;C:\Users\TCS.rnarayanasa\Applns\jdk1.8.0_121\jre\lib\jfr.jar;C:\Users\TCS.rnarayanasa\Applns\jdk1.8.0_121\jre\classes"/>
    <property name="user.script" value=""/>
    <property name="sun.management.compiler" value="HotSpot 64-Bit Tiered Compilers"/>
    <property name="java.runtime.version" value="1.8.0_121-b13"/>
    <property name="user.name" value="TCS.rnarayanasa"/>
    <property name="path.separator" value=";"/>
    <property name="os.version" value="6.1"/>
    <property name="java.endorsed.dirs" value="C:\Users\TCS.rnarayanasa\Applns\jdk1.8.0_121\jre\lib\endorsed"/>
    <property name="java.runtime.name" value="Java(TM) SE Runtime Environment"/>
    <property name="file.encoding" value="Cp1252"/>
    <property name="java.vm.name" value="Java HotSpot(TM) 64-Bit Server VM"/>
    <property name="localRepository" value="C:\Users\TCS.rnarayanasa\.m2\repository"/>
    <property name="java.vendor.url.bug" value="http://bugreport.sun.com/bugreport/"/>
    <property name="java.io.tmpdir" value="C:\Users\TCS~1.RNA\AppData\Local\Temp\"/>
    <property name="idea.version" value="2018.2.4"/>
    <property name="java.version" value="1.8.0_121"/>
    <property name="user.dir" value="C:\Users\TCS.rnarayanasa\GitRepo\tokenvalidator"/>
    <property name="os.arch" value="amd64"/>
    <property name="java.vm.specification.name" value="Java Virtual Machine Specification"/>
    <property name="java.awt.printerjob" value="sun.awt.windows.WPrinterJob"/>
    <property name="sun.os.patch.level" value="Service Pack 1"/>
    <property name="java.library.path" value="C:\Users\TCS.rnarayanasa\Applns\jdk1.8.0_121\jre\bin;C:\Windows\Sun\Java\bin;C:\Windows\system32;C:\Windows;C:\Windows\system32;C:\Windows;C:\Windows\System32\Wbem;C:\Windows\System32\WindowsPowerShell\v1.0\;C:\Program Files\Intel\WiFi\bin\;C:\Program Files\Common Files\Intel\WirelessCommon\;C:\Program Files\TortoiseGit\bin;C:\Users\TCS.rnarayanasa\Applns\Python\Python36\Scripts\;C:\Users\TCS.rnarayanasa\Applns\Python\Python36\;C:\Users\TCS.rnarayanasa\AppData\Local\Programs\Python\Launcher\;C:\Program Files (x86)\Google\Chrome\Application;C:\Windows\system32;C:\Windows;C:\Windows\System32\Wbem;C:\Windows\System32\WindowsPowerShell\v1.0\;C:\Program Files\Intel\WiFi\bin\;C:\Program Files\Common Files\Intel\WirelessCommon\;C:\Users\TCS.rnarayanasa\AppData\Local\Programs\Git\cmd;C:\Users\TCS.rnarayanasa\Applns\apache-maven\bin;C:\Users\TCS.rnarayanasa\Applns\jdk1.7\bin;C:\Users\TCS.rnarayanasa\Applns\python;C:\Users\TCS.rnarayanasa\AppData\Local\GitHubDesktop\bin;C:\Users\TCS.rnarayanasa\AppData\Local\Programs\Python\Python36-32;;."/>
    <property name="java.vm.info" value="mixed mode"/>
    <property name="java.vendor" value="Oracle Corporation"/>
    <property name="java.vm.version" value="25.121-b13"/>
    <property name="java.ext.dirs" value="C:\Users\TCS.rnarayanasa\Applns\jdk1.8.0_121\jre\lib\ext;C:\Windows\Sun\Java\lib\ext"/>
    <property name="sun.io.unicode.encoding" value="UnicodeLittle"/>
    <property name="java.class.version" value="52.0"/>
  </properties>
  <testcase name="shouldAnswerWithTrue" classname="com.ramesh.test.AppTest" time="0.002"/>
</testsuite>